#
# A fatal error has been detected by the Java Runtime Environment:
#
#  EXCEPTION_ACCESS_VIOLATION (0xc0000005) at pc=0x000000006d599454, pid=6068, tid=5372
#
# JRE version: Java(TM) SE Runtime Environment (8.0_45-b15) (build 1.8.0_45-b15)
# Java VM: Java HotSpot(TM) 64-Bit Server VM (25.45-b02 mixed mode windows-amd64 compressed oops)
# Problematic frame:
# C  [sqlite-3.8.11.2-03a653a3-b225-4022-826d-ae2ee5cac4a9-sqlitejdbc.dll+0x19454]
#
# Failed to write core dump. Minidumps are not enabled by default on client versions of Windows
#
# If you would like to submit a bug report, please visit:
#   http://bugreport.java.com/bugreport/crash.jsp
# The crash happened outside the Java Virtual Machine in native code.
# See problematic frame for where to report the bug.
#

---------------  T H R E A D  ---------------

Current thread (0x000000001ef1c000):  JavaThread "pool-2-thread-1" [_thread_in_native, id=5372, stack(0x0000000026150000,0x0000000026250000)]

siginfo: ExceptionCode=0xc0000005, reading address 0x0000000030759980

Registers:
RAX=0x000000006d6278a0, RBX=0x0000000030759958, RCX=0x0000000030759958, RDX=0x0000000000000008
RSP=0x000000002624f080, RBP=0x000000002624f1a0, RSI=0x00000000778ae800, RDI=0x000000076fef9298
R8 =0x0000000030759958, R9 =0x0000000000000008, R10=0x0000000000000000, R11=0x0000000000000246
R12=0x0000000000000000, R13=0x000000002624f190, R14=0x000000002624f160, R15=0x000000001ef1c000
RIP=0x000000006d599454, EFLAGS=0x0000000000010202

Top of Stack: (sp=0x000000002624f080)
0x000000002624f080:   000000002624f1a0 000000001ef1c000
0x000000002624f090:   000000002624f190 00000000779a97fa
0x000000002624f0a0:   000000001e9ed418 000000001ef1c000
0x000000002624f0b0:   0000000030759958 000000006d5b218e
0x000000002624f0c0:   000000001ebb57a0 00000000779982a9
0x000000002624f0d0:   000000002624f9d8 000000001ef1c000
0x000000002624f0e0:   000000076fefa850 000000001ef1c1f8
0x000000002624f0f0:   00000000778ae800 000000006d5823ae
0x000000002624f100:   000000001ef1c000 000000078aa91688
0x000000002624f110:   000000000000004d 00000000029bd120
0x000000002624f120:   000000001ef1c000 000000078aa91688
0x000000002624f130:   000000000000004d 0000000002879887
0x000000002624f140:   00000007d83a6c31 000000078afe5498
0x000000002624f150:   0000000100000000 0000000900000008
0x000000002624f160:   000000078aa91688 000000076fefa820
0x000000002624f170:   000000076fef9240 0000000000000003 

Instructions: (pc=0x000000006d599454)
0x000000006d599434:   48 ab 31 c0 eb ba 66 0f 1f 44 00 00 53 48 83 ec
0x000000006d599444:   30 48 8d 05 54 e4 08 00 48 85 c9 48 89 cb 74 42
0x000000006d599454:   4c 8b 41 28 4d 85 c0 74 04 85 d2 79 3f 4c 8b 03
0x000000006d599464:   48 8d 05 35 e4 08 00 4d 85 c0 74 26 49 8b 48 18 


Register to memory mapping:

RAX=0x000000006d6278a0 is an unknown value
RBX=0x0000000030759958 is an unknown value
RCX=0x0000000030759958 is an unknown value
RDX=0x0000000000000008 is an unknown value
RSP=0x000000002624f080 is pointing into the stack for thread: 0x000000001ef1c000
RBP=0x000000002624f1a0 is pointing into the stack for thread: 0x000000001ef1c000
RSI=0x00000000778ae800 is an unknown value
RDI=0x000000076fef9298 is an oop

[error occurred during error reporting (printing register info), id 0xc0000005]

Stack: [0x0000000026150000,0x0000000026250000],  sp=0x000000002624f080,  free space=1020k
Native frames: (J=compiled Java code, j=interpreted, Vv=VM code, C=native code)
C  [sqlite-3.8.11.2-03a653a3-b225-4022-826d-ae2ee5cac4a9-sqlitejdbc.dll+0x19454]
C  [sqlite-3.8.11.2-03a653a3-b225-4022-826d-ae2ee5cac4a9-sqlitejdbc.dll+0x3218e]
C  [sqlite-3.8.11.2-03a653a3-b225-4022-826d-ae2ee5cac4a9-sqlitejdbc.dll+0x23ae]
C  0x0000000002879887

Java frames: (J=compiled Java code, j=interpreted, Vv=VM code)
J 1344  org.sqlite.core.NativeDB.column_text(JI)Ljava/lang/String; (0 bytes) @ 0x000000000287973b [0x0000000002879700+0x3b]
J 1687 C2 org.sqlite.jdbc3.JDBC3ResultSet.getString(Ljava/lang/String;)Ljava/lang/String; (10 bytes) @ 0x00000000029c89d8 [0x00000000029c8960+0x78]
J 1798 C1 com.frc5431.thingworx.core.RobotData.updateByDB(I)V (266 bytes) @ 0x0000000002a402ac [0x0000000002a3c720+0x3b8c]
j  com.frc5431.thingworx.core.Properties.lambda$1()V+495
j  com.frc5431.thingworx.core.Properties$$Lambda$6.run()V+0
j  java.util.concurrent.ThreadPoolExecutor.runWorker(Ljava/util/concurrent/ThreadPoolExecutor$Worker;)V+95
j  java.util.concurrent.ThreadPoolExecutor$Worker.run()V+5
j  java.lang.Thread.run()V+11
v  ~StubRoutines::call_stub

---------------  P R O C E S S  ---------------

Java Threads: ( => current thread )
  0x000000001e14b800 JavaThread "Keep-Alive-Timer" daemon [_thread_blocked, id=10288, stack(0x0000000032030000,0x0000000032130000)]
  0x000000001f0e1000 JavaThread "LWJGL Timer" daemon [_thread_blocked, id=6124, stack(0x0000000026250000,0x0000000026350000)]
=>0x000000001ef1c000 JavaThread "pool-2-thread-1" [_thread_in_native, id=5372, stack(0x0000000026150000,0x0000000026250000)]
  0x000000001ea1c000 JavaThread "Java2D Disposer" daemon [_thread_blocked, id=7792, stack(0x000000001f280000,0x000000001f380000)]
  0x000000001de63000 JavaThread "Service Thread" daemon [_thread_blocked, id=8400, stack(0x000000001e7a0000,0x000000001e8a0000)]
  0x000000001ddd8000 JavaThread "C1 CompilerThread3" daemon [_thread_blocked, id=6176, stack(0x000000001e6a0000,0x000000001e7a0000)]
  0x000000001ddd5800 JavaThread "C2 CompilerThread2" daemon [_thread_blocked, id=10620, stack(0x000000001e5a0000,0x000000001e6a0000)]
  0x000000001ddca800 JavaThread "C2 CompilerThread1" daemon [_thread_blocked, id=6656, stack(0x000000001e4a0000,0x000000001e5a0000)]
  0x000000001ddc8000 JavaThread "C2 CompilerThread0" daemon [_thread_blocked, id=3156, stack(0x000000001e3a0000,0x000000001e4a0000)]
  0x000000001ddc4800 JavaThread "Attach Listener" daemon [_thread_blocked, id=6788, stack(0x000000001e2a0000,0x000000001e3a0000)]
  0x000000001ddc3800 JavaThread "Signal Dispatcher" daemon [_thread_blocked, id=3544, stack(0x000000001e1a0000,0x000000001e2a0000)]
  0x000000000234a000 JavaThread "Finalizer" daemon [_thread_blocked, id=1028, stack(0x000000001dca0000,0x000000001dda0000)]
  0x0000000002343000 JavaThread "Reference Handler" daemon [_thread_blocked, id=2940, stack(0x000000001dba0000,0x000000001dca0000)]
  0x0000000002250800 JavaThread "main" [_thread_in_native, id=6372, stack(0x0000000002150000,0x0000000002250000)]

Other Threads:
  0x000000001bdb9000 VMThread [stack: 0x000000001daa0000,0x000000001dba0000] [id=3656]
  0x000000001de75000 WatcherThread [stack: 0x000000001e8a0000,0x000000001e9a0000] [id=644]

VM state:not at safepoint (normal execution)

VM Mutex/Monitor currently owned by a thread: None

Heap:
 PSYoungGen      total 541184K, used 94892K [0x000000076b400000, 0x00000007a0d00000, 0x00000007c0000000)
  eden space 514560K, 15% used [0x000000076b400000,0x000000077014d758,0x000000078aa80000)
  from space 26624K, 59% used [0x000000078aa80000,0x000000078b9dda90,0x000000078c480000)
  to   space 27136K, 0% used [0x000000079f280000,0x000000079f280000,0x00000007a0d00000)
 ParOldGen       total 175104K, used 23065K [0x00000006c1c00000, 0x00000006cc700000, 0x000000076b400000)
  object space 175104K, 13% used [0x00000006c1c00000,0x00000006c3286448,0x00000006cc700000)
 Metaspace       used 11965K, capacity 12165K, committed 12544K, reserved 1060864K
  class space    used 1164K, capacity 1227K, committed 1280K, reserved 1048576K

Card table byte_map: [0x0000000011710000,0x0000000011f10000] byte_map_base: 0x000000000e102000

Marking Bits: (ParMarkBitMap*) 0x0000000077f74040
 Begin Bits: [0x0000000012c60000, 0x0000000016bf0000)
 End Bits:   [0x0000000016bf0000, 0x000000001ab80000)

Polling page: 0x0000000002040000

CodeCache: size=245760Kb used=8083Kb max_used=8093Kb free=237676Kb
 bounds [0x0000000002350000, 0x0000000002b40000, 0x0000000011350000]
 total_blobs=2593 nmethods=2044 adapters=462
 compilation: enabled

Compilation events (10 events):
Event: 21.832 Thread 0x000000001ddd8000 2042       3       java.util.HashMap$EntryIterator::next (5 bytes)
Event: 21.832 Thread 0x000000001ddd8000 nmethod 2042 0x0000000002b32410 code [0x0000000002b32580, 0x0000000002b32868]
Event: 21.833 Thread 0x000000001ddd8000 2043       3       java.util.HashMap$HashIterator::remove (77 bytes)
Event: 21.833 Thread 0x000000001ddd8000 nmethod 2043 0x0000000002b31a50 code [0x0000000002b31c00, 0x0000000002b321b8]
Event: 21.833 Thread 0x000000001ddd8000 2044       1       java.lang.Long::longValue (5 bytes)
Event: 21.833 Thread 0x000000001ddd8000 nmethod 2044 0x0000000002b31790 code [0x0000000002b318e0, 0x0000000002b319f0]
Event: 21.835 Thread 0x000000001ddca800 2045       4       java.lang.Long::hashCode (8 bytes)
Event: 21.836 Thread 0x000000001ddca800 nmethod 2045 0x00000000029d9a50 code [0x00000000029d9b80, 0x00000000029d9bf8]
Event: 21.844 Thread 0x000000001ddd8000 2046       1       java.util.HashMap::afterNodeRemoval (1 bytes)
Event: 21.844 Thread 0x000000001ddd8000 nmethod 2046 0x0000000002b314d0 code [0x0000000002b31620, 0x0000000002b31730]

GC Heap History (10 events):
Event: 1.448 GC heap before
{Heap before GC invocations=5 (full 0):
 PSYoungGen      total 141824K, used 140598K [0x000000076b400000, 0x0000000774900000, 0x00000007c0000000)
  eden space 131072K, 100% used [0x000000076b400000,0x0000000773400000,0x0000000773400000)
  from space 10752K, 88% used [0x0000000773e80000,0x00000007747cd9a0,0x0000000774900000)
  to   space 10752K, 0% used [0x0000000773400000,0x0000000773400000,0x0000000773e80000)
 ParOldGen       total 175104K, used 40K [0x00000006c1c00000, 0x00000006cc700000, 0x000000076b400000)
  object space 175104K, 0% used [0x00000006c1c00000,0x00000006c1c0a000,0x00000006cc700000)
 Metaspace       used 8760K, capacity 8877K, committed 9216K, reserved 1056768K
  class space    used 872K, capacity 927K, committed 1024K, reserved 1048576K
Event: 1.454 GC heap after
Heap after GC invocations=5 (full 0):
 PSYoungGen      total 141824K, used 5776K [0x000000076b400000, 0x000000077cb00000, 0x00000007c0000000)
  eden space 131072K, 0% used [0x000000076b400000,0x000000076b400000,0x0000000773400000)
  from space 10752K, 53% used [0x0000000773400000,0x00000007739a41b0,0x0000000773e80000)
  to   space 11776K, 0% used [0x000000077bf80000,0x000000077bf80000,0x000000077cb00000)
 ParOldGen       total 175104K, used 48K [0x00000006c1c00000, 0x00000006cc700000, 0x000000076b400000)
  object space 175104K, 0% used [0x00000006c1c00000,0x00000006c1c0c000,0x00000006cc700000)
 Metaspace       used 8760K, capacity 8877K, committed 9216K, reserved 1056768K
  class space    used 872K, capacity 927K, committed 1024K, reserved 1048576K
}
Event: 1.599 GC heap before
{Heap before GC invocations=6 (full 0):
 PSYoungGen      total 141824K, used 136848K [0x000000076b400000, 0x000000077cb00000, 0x00000007c0000000)
  eden space 131072K, 100% used [0x000000076b400000,0x0000000773400000,0x0000000773400000)
  from space 10752K, 53% used [0x0000000773400000,0x00000007739a41b0,0x0000000773e80000)
  to   space 11776K, 0% used [0x000000077bf80000,0x000000077bf80000,0x000000077cb00000)
 ParOldGen       total 175104K, used 48K [0x00000006c1c00000, 0x00000006cc700000, 0x000000076b400000)
  object space 175104K, 0% used [0x00000006c1c00000,0x00000006c1c0c000,0x00000006cc700000)
 Metaspace       used 8760K, capacity 8877K, committed 9216K, reserved 1056768K
  class space    used 872K, capacity 927K, committed 1024K, reserved 1048576K
Event: 1.603 GC heap after
Heap after GC invocations=6 (full 0):
 PSYoungGen      total 273920K, used 4493K [0x000000076b400000, 0x000000077cb00000, 0x00000007c0000000)
  eden space 262144K, 0% used [0x000000076b400000,0x000000076b400000,0x000000077b400000)
  from space 11776K, 38% used [0x000000077bf80000,0x000000077c3e36f8,0x000000077cb00000)
  to   space 11776K, 0% used [0x000000077b400000,0x000000077b400000,0x000000077bf80000)
 ParOldGen       total 175104K, used 48K [0x00000006c1c00000, 0x00000006cc700000, 0x000000076b400000)
  object space 175104K, 0% used [0x00000006c1c00000,0x00000006c1c0c000,0x00000006cc700000)
 Metaspace       used 8760K, capacity 8877K, committed 9216K, reserved 1056768K
  class space    used 872K, capacity 927K, committed 1024K, reserved 1048576K
}
Event: 1.809 GC heap before
{Heap before GC invocations=7 (full 0):
 PSYoungGen      total 273920K, used 266637K [0x000000076b400000, 0x000000077cb00000, 0x00000007c0000000)
  eden space 262144K, 100% used [0x000000076b400000,0x000000077b400000,0x000000077b400000)
  from space 11776K, 38% used [0x000000077bf80000,0x000000077c3e36f8,0x000000077cb00000)
  to   space 11776K, 0% used [0x000000077b400000,0x000000077b400000,0x000000077bf80000)
 ParOldGen       total 175104K, used 48K [0x00000006c1c00000, 0x00000006cc700000, 0x000000076b400000)
  object space 175104K, 0% used [0x00000006c1c00000,0x00000006c1c0c000,0x00000006cc700000)
 Metaspace       used 8760K, capacity 8877K, committed 9216K, reserved 1056768K
  class space    used 872K, capacity 927K, committed 1024K, reserved 1048576K
Event: 1.824 GC heap after
Heap after GC invocations=7 (full 0):
 PSYoungGen      total 273920K, used 11752K [0x000000076b400000, 0x000000078d500000, 0x00000007c0000000)
  eden space 262144K, 0% used [0x000000076b400000,0x000000076b400000,0x000000077b400000)
  from space 11776K, 99% used [0x000000077b400000,0x000000077bf7a3f0,0x000000077bf80000)
  to   space 16896K, 0% used [0x000000078c480000,0x000000078c480000,0x000000078d500000)
 ParOldGen       total 175104K, used 6161K [0x00000006c1c00000, 0x00000006cc700000, 0x000000076b400000)
  object space 175104K, 3% used [0x00000006c1c00000,0x00000006c2204448,0x00000006cc700000)
 Metaspace       used 8760K, capacity 8877K, committed 9216K, reserved 1056768K
  class space    used 872K, capacity 927K, committed 1024K, reserved 1048576K
}
Event: 1.984 GC heap before
{Heap before GC invocations=8 (full 0):
 PSYoungGen      total 273920K, used 273896K [0x000000076b400000, 0x000000078d500000, 0x00000007c0000000)
  eden space 262144K, 100% used [0x000000076b400000,0x000000077b400000,0x000000077b400000)
  from space 11776K, 99% used [0x000000077b400000,0x000000077bf7a3f0,0x000000077bf80000)
  to   space 16896K, 0% used [0x000000078c480000,0x000000078c480000,0x000000078d500000)
 ParOldGen       total 175104K, used 6161K [0x00000006c1c00000, 0x00000006cc700000, 0x000000076b400000)
  object space 175104K, 3% used [0x00000006c1c00000,0x00000006c2204448,0x00000006cc700000)
 Metaspace       used 8760K, capacity 8877K, committed 9216K, reserved 1056768K
  class space    used 872K, capacity 927K, committed 1024K, reserved 1048576K
Event: 2.010 GC heap after
Heap after GC invocations=8 (full 0):
 PSYoungGen      total 531456K, used 16877K [0x000000076b400000, 0x000000078e800000, 0x00000007c0000000)
  eden space 514560K, 0% used [0x000000076b400000,0x000000076b400000,0x000000078aa80000)
  from space 16896K, 99% used [0x000000078c480000,0x000000078d4fb4c0,0x000000078d500000)
  to   space 26624K, 0% used [0x000000078aa80000,0x000000078aa80000,0x000000078c480000)
 ParOldGen       total 175104K, used 23009K [0x00000006c1c00000, 0x00000006cc700000, 0x000000076b400000)
  object space 175104K, 13% used [0x00000006c1c00000,0x00000006c3278448,0x00000006cc700000)
 Metaspace       used 8760K, capacity 8877K, committed 9216K, reserved 1056768K
  class space    used 872K, capacity 927K, committed 1024K, reserved 1048576K
}
Event: 18.780 GC heap before
{Heap before GC invocations=9 (full 0):
 PSYoungGen      total 531456K, used 531437K [0x000000076b400000, 0x000000078e800000, 0x00000007c0000000)
  eden space 514560K, 100% used [0x000000076b400000,0x000000078aa80000,0x000000078aa80000)
  from space 16896K, 99% used [0x000000078c480000,0x000000078d4fb4c0,0x000000078d500000)
  to   space 26624K, 0% used [0x000000078aa80000,0x000000078aa80000,0x000000078c480000)
 ParOldGen       total 175104K, used 23009K [0x00000006c1c00000, 0x00000006cc700000, 0x000000076b400000)
  object space 175104K, 13% used [0x00000006c1c00000,0x00000006c3278448,0x00000006cc700000)
 Metaspace       used 11877K, capacity 12037K, committed 12288K, reserved 1060864K
  class space    used 1164K, capacity 1227K, committed 1280K, reserved 1048576K
Event: 18.795 GC heap after
Heap after GC invocations=9 (full 0):
 PSYoungGen      total 541184K, used 15734K [0x000000076b400000, 0x00000007a0d00000, 0x00000007c0000000)
  eden space 514560K, 0% used [0x000000076b400000,0x000000076b400000,0x000000078aa80000)
  from space 26624K, 59% used [0x000000078aa80000,0x000000078b9dda90,0x000000078c480000)
  to   space 27136K, 0% used [0x000000079f280000,0x000000079f280000,0x00000007a0d00000)
 ParOldGen       total 175104K, used 23065K [0x00000006c1c00000, 0x00000006cc700000, 0x000000076b400000)
  object space 175104K, 13% used [0x00000006c1c00000,0x00000006c3286448,0x00000006cc700000)
 Metaspace       used 11877K, capacity 12037K, committed 12288K, reserved 1060864K
  class space    used 1164K, capacity 1227K, committed 1280K, reserved 1048576K
}

Deoptimization events (10 events):
Event: 3.561 Thread 0x0000000002250800 Uncommon trap: reason=class_check action=maybe_recompile pc=0x00000000027ee0dc method=com.jumbo.core.JumboEntity.render()V @ 19
Event: 3.576 Thread 0x0000000002250800 Uncommon trap: reason=class_check action=maybe_recompile pc=0x0000000002786b1c method=com.jumbo.core.JumboRenderMode.render(Lcom/jumbo/core/JumboGraphicsObject;II)V @ 139
Event: 3.576 Thread 0x0000000002250800 Uncommon trap: reason=class_check action=maybe_recompile pc=0x0000000002786b1c method=com.jumbo.core.JumboRenderMode.render(Lcom/jumbo/core/JumboGraphicsObject;II)V @ 139
Event: 3.576 Thread 0x0000000002250800 Uncommon trap: reason=class_check action=maybe_recompile pc=0x0000000002786b1c method=com.jumbo.core.JumboRenderMode.render(Lcom/jumbo/core/JumboGraphicsObject;II)V @ 139
Event: 3.576 Thread 0x0000000002250800 Uncommon trap: reason=unstable_if action=reinterpret pc=0x0000000002786b30 method=com.jumbo.core.JumboRenderMode.render(Lcom/jumbo/core/JumboGraphicsObject;II)V @ 101
Event: 3.576 Thread 0x0000000002250800 Uncommon trap: reason=class_check action=maybe_recompile pc=0x00000000027ee0dc method=com.jumbo.core.JumboEntity.render()V @ 19
Event: 3.594 Thread 0x0000000002250800 Uncommon trap: reason=class_check action=maybe_recompile pc=0x00000000027ee0dc method=com.jumbo.core.JumboEntity.render()V @ 19
Event: 3.610 Thread 0x0000000002250800 Uncommon trap: reason=class_check action=maybe_recompile pc=0x00000000027ee0dc method=com.jumbo.core.JumboEntity.render()V @ 19
Event: 14.828 Thread 0x000000001ef1c000 Uncommon trap: reason=null_check action=make_not_entrant pc=0x0000000002ae86cc method=java.text.SimpleDateFormat.checkNegativeNumberExpression()V @ 40
Event: 18.800 Thread 0x000000000234a000 Uncommon trap: reason=unstable_if action=reinterpret pc=0x0000000002adbc04 method=java.util.concurrent.locks.ReentrantLock$Sync.tryRelease(I)Z @ 28

Internal exceptions (10 events):
Event: 0.301 Thread 0x000000001ee5f800 Exception <a 'java/security/PrivilegedActionException'> (0x000000076bbb8900) thrown at [C:\re\workspace\8-2-build-windows-amd64-cygwin\jdk8u45\3627\hotspot\src\share\vm\prims\jvm.cpp, line 1382]
Event: 0.301 Thread 0x000000001ee5f800 Exception <a 'java/security/PrivilegedActionException'> (0x000000076bbba438) thrown at [C:\re\workspace\8-2-build-windows-amd64-cygwin\jdk8u45\3627\hotspot\src\share\vm\prims\jvm.cpp, line 1382]
Event: 0.301 Thread 0x000000001ee5f800 Exception <a 'java/security/PrivilegedActionException'> (0x000000076bbbb4a8) thrown at [C:\re\workspace\8-2-build-windows-amd64-cygwin\jdk8u45\3627\hotspot\src\share\vm\prims\jvm.cpp, line 1382]
Event: 0.302 Thread 0x000000001ee5f800 Exception <a 'java/security/PrivilegedActionException'> (0x000000076bbc0588) thrown at [C:\re\workspace\8-2-build-windows-amd64-cygwin\jdk8u45\3627\hotspot\src\share\vm\prims\jvm.cpp, line 1382]
Event: 0.302 Thread 0x000000001ee5f800 Exception <a 'java/security/PrivilegedActionException'> (0x000000076bbc1130) thrown at [C:\re\workspace\8-2-build-windows-amd64-cygwin\jdk8u45\3627\hotspot\src\share\vm\prims\jvm.cpp, line 1382]
Event: 0.302 Thread 0x000000001ee5f800 Exception <a 'java/security/PrivilegedActionException'> (0x000000076bbc1ca8) thrown at [C:\re\workspace\8-2-build-windows-amd64-cygwin\jdk8u45\3627\hotspot\src\share\vm\prims\jvm.cpp, line 1382]
Event: 0.374 Thread 0x0000000002250800 Exception <a 'java/io/FileNotFoundException'> (0x000000076bb60fb0) thrown at [C:\re\workspace\8-2-build-windows-amd64-cygwin\jdk8u45\3627\hotspot\src\share\vm\prims\jni.cpp, line 709]
Event: 0.437 Thread 0x0000000002250800 Implicit null exception at 0x0000000002565943 to 0x0000000002565b5d
Event: 2.108 Thread 0x0000000002250800 Implicit null exception at 0x00000000026c27f4 to 0x00000000026c7795
Event: 14.828 Thread 0x000000001ef1c000 Implicit null exception at 0x0000000002ae70e2 to 0x0000000002ae86a1

Events (10 events):
Event: 21.373 Thread 0x000000001f14a000 Thread added: 0x000000001f14a000
Event: 21.373 Thread 0x000000001f14a000 Thread exited: 0x000000001f14a000
Event: 21.473 Thread 0x000000001f14a000 Thread added: 0x000000001f14a000
Event: 21.473 Thread 0x000000001f14a000 Thread exited: 0x000000001f14a000
Event: 21.572 Thread 0x000000001f14a000 Thread added: 0x000000001f14a000
Event: 21.573 Thread 0x000000001f14a000 Thread exited: 0x000000001f14a000
Event: 21.673 Thread 0x000000001f14a000 Thread added: 0x000000001f14a000
Event: 21.673 Thread 0x000000001f14a000 Thread exited: 0x000000001f14a000
Event: 21.797 Thread 0x000000001f14a000 Thread added: 0x000000001f14a000
Event: 21.797 Thread 0x000000001f14a000 Thread exited: 0x000000001f14a000


Dynamic libraries:
0x00007ff7eba70000 - 0x00007ff7ebaa7000 	C:\Program Files\Java\jdk1.8.0_45\bin\javaw.exe
0x00007fff72790000 - 0x00007fff72951000 	C:\WINDOWS\SYSTEM32\ntdll.dll
0x00007fff6fcb0000 - 0x00007fff6fd5d000 	C:\WINDOWS\system32\KERNEL32.DLL
0x00007fff6f800000 - 0x00007fff6f9e8000 	C:\WINDOWS\system32\KERNELBASE.dll
0x00007fff70320000 - 0x00007fff703c7000 	C:\WINDOWS\system32\ADVAPI32.dll
0x00007fff72690000 - 0x00007fff7272d000 	C:\WINDOWS\system32\msvcrt.dll
0x00007fff71c90000 - 0x00007fff71ceb000 	C:\WINDOWS\system32\sechost.dll
0x00007fff6fb90000 - 0x00007fff6fcac000 	C:\WINDOWS\system32\RPCRT4.dll
0x00007fff71cf0000 - 0x00007fff71e46000 	C:\WINDOWS\system32\USER32.dll
0x00007fff70190000 - 0x00007fff70316000 	C:\WINDOWS\system32\GDI32.dll
0x00007fff6a6b0000 - 0x00007fff6a924000 	C:\WINDOWS\WinSxS\amd64_microsoft.windows.common-controls_6595b64144ccf1df_6.0.10586.0_none_8c15ae12515e1c22\COMCTL32.dll
0x00007fff72400000 - 0x00007fff7267d000 	C:\WINDOWS\system32\combase.dll
0x00007fff6fad0000 - 0x00007fff6fb3a000 	C:\WINDOWS\system32\bcryptPrimitives.dll
0x00007fff71be0000 - 0x00007fff71c1b000 	C:\WINDOWS\system32\IMM32.DLL
0x0000000050030000 - 0x0000000050102000 	C:\Program Files\Java\jdk1.8.0_45\jre\bin\msvcr100.dll
0x0000000077770000 - 0x0000000077ff3000 	C:\Program Files\Java\jdk1.8.0_45\jre\bin\server\jvm.dll
0x00007fff71ae0000 - 0x00007fff71ae8000 	C:\WINDOWS\system32\PSAPI.DLL
0x00007fff6b7d0000 - 0x00007fff6b7d9000 	C:\WINDOWS\SYSTEM32\WSOCK32.dll
0x00007fff6d3d0000 - 0x00007fff6d3f3000 	C:\WINDOWS\SYSTEM32\WINMM.dll
0x00007fff6ab10000 - 0x00007fff6ab1a000 	C:\WINDOWS\SYSTEM32\VERSION.dll
0x00007fff71b10000 - 0x00007fff71b7b000 	C:\WINDOWS\system32\WS2_32.dll
0x0000000002060000 - 0x000000000208c000 	C:\WINDOWS\SYSTEM32\WINMMBASE.dll
0x00007fff6fb40000 - 0x00007fff6fb83000 	C:\WINDOWS\system32\cfgmgr32.dll
0x0000000050020000 - 0x000000005002f000 	C:\Program Files\Java\jdk1.8.0_45\jre\bin\verify.dll
0x0000000077740000 - 0x0000000077769000 	C:\Program Files\Java\jdk1.8.0_45\jre\bin\java.dll
0x0000000050000000 - 0x0000000050016000 	C:\Program Files\Java\jdk1.8.0_45\jre\bin\zip.dll
0x00007fff70580000 - 0x00007fff71adc000 	C:\WINDOWS\system32\SHELL32.dll
0x00007fff6f120000 - 0x00007fff6f764000 	C:\WINDOWS\system32\windows.storage.dll
0x00007fff71b80000 - 0x00007fff71bd2000 	C:\WINDOWS\system32\shlwapi.dll
0x00007fff6ee30000 - 0x00007fff6ee3f000 	C:\WINDOWS\system32\kernel.appcore.dll
0x00007fff6fa10000 - 0x00007fff6fac5000 	C:\WINDOWS\system32\shcore.dll
0x00007fff6ede0000 - 0x00007fff6ee2b000 	C:\WINDOWS\system32\powrprof.dll
0x00007fff6edc0000 - 0x00007fff6edd4000 	C:\WINDOWS\system32\profapi.dll
0x00000000775a0000 - 0x0000000077738000 	C:\Program Files\Java\jdk1.8.0_45\jre\bin\awt.dll
0x00007fff6ff60000 - 0x00007fff70021000 	C:\WINDOWS\system32\OLEAUT32.dll
0x00007fff6d5a0000 - 0x00007fff6d619000 	C:\WINDOWS\system32\apphelp.dll
0x0000000180000000 - 0x0000000180053000 	D:\eclispe workspace\ThingworxDemo\natives\lwjgl64.dll
0x00007fff540a0000 - 0x00007fff541c9000 	C:\WINDOWS\SYSTEM32\OPENGL32.dll
0x00007fff53fa0000 - 0x00007fff5409a000 	C:\WINDOWS\SYSTEM32\DDRAW.dll
0x00007fff5baf0000 - 0x00007fff5bb1e000 	C:\WINDOWS\SYSTEM32\GLU32.dll
0x00007fff5ecb0000 - 0x00007fff5ecb8000 	C:\WINDOWS\SYSTEM32\DCIMAN32.dll
0x000000001f3c0000 - 0x000000001f424000 	D:\eclispe workspace\ThingworxDemo\natives\OpenAL64.dll
0x00007fff6fe10000 - 0x00007fff6ff53000 	C:\WINDOWS\system32\ole32.dll
0x00007fff6d810000 - 0x00007fff6d8a6000 	C:\WINDOWS\system32\uxtheme.dll
0x00007fff6fd60000 - 0x00007fff6fe07000 	C:\WINDOWS\system32\clbcatq.dll
0x00007fff6ca60000 - 0x00007fff6cbe6000 	C:\WINDOWS\System32\PROPSYS.dll
0x00007fff62dc0000 - 0x00007fff62e5c000 	C:\WINDOWS\SYSTEM32\dsound.dll
0x00007fff68130000 - 0x00007fff681a0000 	C:\WINDOWS\System32\MMDevApi.dll
0x00007fff6d7e0000 - 0x00007fff6d807000 	C:\WINDOWS\System32\DEVOBJ.dll
0x00007fff53bd0000 - 0x00007fff53c58000 	C:\WINDOWS\SYSTEM32\AUDIOSES.DLL
0x00007fff6b250000 - 0x00007fff6b386000 	C:\WINDOWS\SYSTEM32\wintypes.dll
0x00007fff6c890000 - 0x00007fff6c8b2000 	C:\WINDOWS\system32\DWMAPI.DLL
0x00007fff70030000 - 0x00007fff7018a000 	C:\WINDOWS\system32\MSCTF.dll
0x00007fff3d6d0000 - 0x00007fff3e1d1000 	C:\WINDOWS\SYSTEM32\ig75icd64.dll
0x00007fff675e0000 - 0x00007fff67ffc000 	C:\WINDOWS\SYSTEM32\igdusc64.dll
0x00007fff6cbf0000 - 0x00007fff6cc03000 	C:\WINDOWS\SYSTEM32\WTSAPI32.dll
0x0000000077580000 - 0x000000007759a000 	C:\Program Files\Java\jdk1.8.0_45\jre\bin\net.dll
0x00007fff6e680000 - 0x00007fff6e6dc000 	C:\WINDOWS\system32\mswsock.dll
0x0000000077560000 - 0x0000000077571000 	C:\Program Files\Java\jdk1.8.0_45\jre\bin\nio.dll
0x00007fff6e730000 - 0x00007fff6e747000 	C:\WINDOWS\SYSTEM32\CRYPTSP.dll
0x00007fff6e3c0000 - 0x00007fff6e3f4000 	C:\WINDOWS\system32\rsaenh.dll
0x00007fff6ece0000 - 0x00007fff6ed09000 	C:\WINDOWS\SYSTEM32\bcrypt.dll
0x00007fff6e510000 - 0x00007fff6e52f000 	C:\WINDOWS\SYSTEM32\USERENV.dll
0x00007fff6ecd0000 - 0x00007fff6ecdb000 	C:\WINDOWS\SYSTEM32\CRYPTBASE.dll
0x00007fff6b6f0000 - 0x00007fff6b728000 	C:\WINDOWS\SYSTEM32\IPHLPAPI.DLL
0x00007fff72680000 - 0x00007fff72688000 	C:\WINDOWS\system32\NSI.dll
0x00007fff681a0000 - 0x00007fff681b6000 	C:\WINDOWS\SYSTEM32\dhcpcsvc6.DLL
0x00007fff64ee0000 - 0x00007fff64efa000 	C:\WINDOWS\SYSTEM32\dhcpcsvc.DLL
0x000000006d580000 - 0x000000006d63d000 	C:\Users\Liav\AppData\Local\Temp\sqlite-3.8.11.2-03a653a3-b225-4022-826d-ae2ee5cac4a9-sqlitejdbc.dll
0x00007fff4b4d0000 - 0x00007fff4b65c000 	C:\WINDOWS\SYSTEM32\dbghelp.dll

VM Arguments:
jvm_args: -Djava.library.path=D:\eclispe workspace\ThingworxDemo\natives;D:\eclispe workspace\ThingworxDemo\natives -Dfile.encoding=Cp1252 
java_command: com.frc5431.thingworx.core.Simulator
java_class_path (initial): D:\eclispe workspace\ThingworxDemo\target\classes;D:\eclispe workspace\ThingworxDemo\jars\sqlite-jdbc.jar;D:\eclispe workspace\ThingworxDemo\jars;D:\eclispe workspace\ThingworxDemo\jars\lwjgl_util.jar;D:\eclispe workspace\ThingworxDemo\jars\lwjgl.jar;D:\eclispe workspace\ThingworxDemo\jars\slick-util.jar;C:\Users\Liav\.m2\repository\org\joml\joml\1.7.1\joml-1.7.1.jar
Launcher Type: SUN_STANDARD

Environment Variables:
PATH=C:/Program Files/Java/jre1.8.0_66/bin/server;C:/Program Files/Java/jre1.8.0_66/bin;C:/Program Files/Java/jre1.8.0_66/lib/amd64;C:\ProgramData\Oracle\Java\javapath;C:\Program Files\Java\jre1.8.0_45\bin;C:\WINDOWS\system32;C:\WINDOWS;C:\WINDOWS\System32\Wbem;C:\WINDOWS\System32\WindowsPowerShell\v1.0\;C:\Program Files (x86)\Skype\Phone\;C:\MinGW\bin;C:\Program Files\Microsoft SQL Server\120\Tools\Binn\;C:\Program Files (x86)\Windows Kits\10\Windows Performance Toolkit\;C:\Program Files (x86)\NVIDIA Corporation\PhysX\Common;C:\WINDOWS\system32;C:\WINDOWS;C:\WINDOWS\System32\Wbem;C:\WINDOWS\System32\WindowsPowerShell\v1.0\;C:\WINDOWS\system32\config\systemprofile\.dnx\bin;C:\Program Files\Microsoft DNX\Dnvm\;C:\Program Files\eclipse;
USERNAME=Liav
OS=Windows_NT
PROCESSOR_IDENTIFIER=Intel64 Family 6 Model 60 Stepping 3, GenuineIntel



---------------  S Y S T E M  ---------------

OS: Windows 10.0 , 64 bit Build 10586 (10.0.10586.0)

CPU:total 8 (4 cores per cpu, 2 threads per core) family 6 model 60 stepping 3, cmov, cx8, fxsr, mmx, sse, sse2, sse3, ssse3, sse4.1, sse4.2, popcnt, avx, avx2, aes, clmul, erms, lzcnt, ht, tsc, tscinvbit, bmi1, bmi2

Memory: 4k page, physical 16659916k(12410968k free), swap 19150284k(13833860k free)

vm_info: Java HotSpot(TM) 64-Bit Server VM (25.45-b02) for windows-amd64 JRE (1.8.0_45-b15), built on Apr 30 2015 12:40:44 by "java_re" with MS VC++ 10.0 (VS2010)

time: Sun Jun 05 18:42:27 2016
elapsed time: 21 seconds (0d 0h 0m 21s)

